  [1m[35m (1.6ms)[0m  [1m[35mCREATE TABLE "schema_migrations" ("version" varchar NOT NULL PRIMARY KEY)[0m
  [1m[35m (1.1ms)[0m  [1m[35mCREATE TABLE "ar_internal_metadata" ("key" varchar NOT NULL PRIMARY KEY, "value" varchar, "created_at" datetime(6) NOT NULL, "updated_at" datetime(6) NOT NULL)[0m
  [1m[36mActiveRecord::SchemaMigration Pluck (0.1ms)[0m  [1m[34mSELECT "schema_migrations"."version" FROM "schema_migrations" ORDER BY "schema_migrations"."version" ASC[0m
Migrating to DeviseCreateUsers (20230828132403)
  [1m[36mTRANSACTION (0.1ms)[0m  [1m[36mbegin transaction[0m
  [1m[35m (0.4ms)[0m  [1m[35mCREATE TABLE "users" ("id" integer PRIMARY KEY AUTOINCREMENT NOT NULL, "email" varchar DEFAULT '' NOT NULL, "encrypted_password" varchar DEFAULT '' NOT NULL, "reset_password_token" varchar, "reset_password_sent_at" datetime(6), "remember_created_at" datetime(6), "created_at" datetime(6) NOT NULL, "updated_at" datetime(6) NOT NULL)[0m
  [1m[35m (0.2ms)[0m  [1m[35mCREATE UNIQUE INDEX "index_users_on_email" ON "users" ("email")[0m
  [1m[35m (0.1ms)[0m  [1m[35mCREATE UNIQUE INDEX "index_users_on_reset_password_token" ON "users" ("reset_password_token")[0m
  [1m[36mActiveRecord::SchemaMigration Create (0.2ms)[0m  [1m[32mINSERT INTO "schema_migrations" ("version") VALUES (?)[0m  [["version", "20230828132403"]]
  [1m[36mTRANSACTION (0.5ms)[0m  [1m[36mcommit transaction[0m
  [1m[36mActiveRecord::InternalMetadata Load (0.1ms)[0m  [1m[34mSELECT "ar_internal_metadata".* FROM "ar_internal_metadata" WHERE "ar_internal_metadata"."key" = ? LIMIT ?[0m  [["key", "environment"], ["LIMIT", 1]]
  [1m[36mTRANSACTION (0.0ms)[0m  [1m[36mbegin transaction[0m
  [1m[36mActiveRecord::InternalMetadata Create (0.3ms)[0m  [1m[32mINSERT INTO "ar_internal_metadata" ("key", "value", "created_at", "updated_at") VALUES (?, ?, ?, ?)[0m  [["key", "environment"], ["value", "development"], ["created_at", "2023-08-28 13:24:24.114869"], ["updated_at", "2023-08-28 13:24:24.114869"]]
  [1m[36mTRANSACTION (0.5ms)[0m  [1m[36mcommit transaction[0m
  [1m[36mActiveRecord::SchemaMigration Pluck (0.1ms)[0m  [1m[34mSELECT "schema_migrations"."version" FROM "schema_migrations" ORDER BY "schema_migrations"."version" ASC[0m
Started GET "/" for ::1 at 2023-08-28 15:26:20 +0200
  [1m[36mActiveRecord::SchemaMigration Pluck (0.1ms)[0m  [1m[34mSELECT "schema_migrations"."version" FROM "schema_migrations" ORDER BY "schema_migrations"."version" ASC[0m
  
ActionController::RoutingError (uninitialized constant PagesController

      Object.const_get(camel_cased_word)
            ^^^^^^^^^^
Did you mean?  DeviseController

            raise MissingController.new(error.message, error.name)
            ^^^^^):
  
Started GET "/" for ::1 at 2023-08-28 15:26:21 +0200
  
ActionController::RoutingError (uninitialized constant PagesController

      Object.const_get(camel_cased_word)
            ^^^^^^^^^^
Did you mean?  DeviseController

            raise MissingController.new(error.message, error.name)
            ^^^^^):
  
Started GET "/users/sign_up" for ::1 at 2023-08-28 15:26:39 +0200
Processing by Devise::RegistrationsController#new as HTML
  Rendering layout layouts/application.html.erb
  Rendering /Users/malinmabika/.rbenv/versions/3.1.2/lib/ruby/gems/3.1.0/gems/devise-4.9.2/app/views/devise/registrations/new.html.erb within layouts/application
  Rendered /Users/malinmabika/.rbenv/versions/3.1.2/lib/ruby/gems/3.1.0/gems/devise-4.9.2/app/views/devise/shared/_error_messages.html.erb (Duration: 0.6ms | Allocations: 252)
  Rendered /Users/malinmabika/.rbenv/versions/3.1.2/lib/ruby/gems/3.1.0/gems/devise-4.9.2/app/views/devise/shared/_links.html.erb (Duration: 1.2ms | Allocations: 625)
  Rendered /Users/malinmabika/.rbenv/versions/3.1.2/lib/ruby/gems/3.1.0/gems/devise-4.9.2/app/views/devise/registrations/new.html.erb within layouts/application (Duration: 14.6ms | Allocations: 4733)
  Rendered layout layouts/application.html.erb (Duration: 269.1ms | Allocations: 96720)
Completed 200 OK in 291ms (Views: 272.3ms | ActiveRecord: 0.5ms | Allocations: 106176)


Started POST "/users" for ::1 at 2023-08-28 15:27:10 +0200
Processing by Devise::RegistrationsController#create as TURBO_STREAM
  Parameters: {"authenticity_token"=>"[FILTERED]", "user"=>{"email"=>"admin@midpoint.world", "password"=>"[FILTERED]", "password_confirmation"=>"[FILTERED]"}, "commit"=>"Sign up"}
  [1m[36mTRANSACTION (0.0ms)[0m  [1m[36mbegin transaction[0m
  [1m[36mUser Exists? (0.1ms)[0m  [1m[34mSELECT 1 AS one FROM "users" WHERE "users"."email" = ? LIMIT ?[0m  [["email", "admin@midpoint.world"], ["LIMIT", 1]]
  [1m[36mUser Create (0.3ms)[0m  [1m[32mINSERT INTO "users" ("email", "encrypted_password", "reset_password_token", "reset_password_sent_at", "remember_created_at", "created_at", "updated_at") VALUES (?, ?, ?, ?, ?, ?, ?)[0m  [["email", "admin@midpoint.world"], ["encrypted_password", "[FILTERED]"], ["reset_password_token", "[FILTERED]"], ["reset_password_sent_at", "[FILTERED]"], ["remember_created_at", nil], ["created_at", "2023-08-28 13:27:11.433930"], ["updated_at", "2023-08-28 13:27:11.433930"]]
  [1m[36mTRANSACTION (1.2ms)[0m  [1m[36mcommit transaction[0m
Redirected to http://localhost:3000/
Completed 303 See Other in 474ms (ActiveRecord: 1.6ms | Allocations: 11132)


Started GET "/" for ::1 at 2023-08-28 15:27:11 +0200
  
ActionController::RoutingError (uninitialized constant PagesController

      Object.const_get(camel_cased_word)
            ^^^^^^^^^^
Did you mean?  DeviseController

            raise MissingController.new(error.message, error.name)
            ^^^^^):
  
Started GET "/users/sign_up" for ::1 at 2023-08-28 15:27:11 +0200
Processing by Devise::RegistrationsController#new as HTML
  [1m[36mUser Load (0.3ms)[0m  [1m[34mSELECT "users".* FROM "users" WHERE "users"."id" = ? ORDER BY "users"."id" ASC LIMIT ?[0m  [["id", 1], ["LIMIT", 1]]
Redirected to http://localhost:3000/
Filter chain halted as :require_no_authentication rendered or redirected
Completed 302 Found in 4ms (ActiveRecord: 0.3ms | Allocations: 1833)


Started GET "/" for ::1 at 2023-08-28 15:27:11 +0200
  
ActionController::RoutingError (uninitialized constant PagesController

      Object.const_get(camel_cased_word)
            ^^^^^^^^^^
Did you mean?  DeviseController

            raise MissingController.new(error.message, error.name)
            ^^^^^):
  
Started GET "/users/sign_up" for ::1 at 2023-08-28 15:28:33 +0200
  [1m[36mActiveRecord::SchemaMigration Pluck (0.1ms)[0m  [1m[34mSELECT "schema_migrations"."version" FROM "schema_migrations" ORDER BY "schema_migrations"."version" ASC[0m
Processing by Devise::RegistrationsController#new as HTML
  [1m[36mUser Load (0.1ms)[0m  [1m[34mSELECT "users".* FROM "users" WHERE "users"."id" = ? ORDER BY "users"."id" ASC LIMIT ?[0m  [["id", 1], ["LIMIT", 1]]
Redirected to http://localhost:3000/
Filter chain halted as :require_no_authentication rendered or redirected
Completed 302 Found in 18ms (ActiveRecord: 0.6ms | Allocations: 10919)


Started GET "/" for ::1 at 2023-08-28 15:28:33 +0200
  
ActionController::RoutingError (uninitialized constant PagesController

      Object.const_get(camel_cased_word)
            ^^^^^^^^^^
Did you mean?  DeviseController

            raise MissingController.new(error.message, error.name)
            ^^^^^):
  
Started GET "/users/sign_up" for ::1 at 2023-08-28 15:29:40 +0200
Processing by Devise::RegistrationsController#new as HTML
  [1m[36mUser Load (0.1ms)[0m  [1m[34mSELECT "users".* FROM "users" WHERE "users"."id" = ? ORDER BY "users"."id" ASC LIMIT ?[0m  [["id", 1], ["LIMIT", 1]]
Redirected to http://localhost:3000/
Filter chain halted as :require_no_authentication rendered or redirected
Completed 302 Found in 6ms (ActiveRecord: 0.7ms | Allocations: 4790)


Started GET "/" for ::1 at 2023-08-28 15:29:40 +0200
  
ActionController::RoutingError (uninitialized constant PagesController

      Object.const_get(camel_cased_word)
            ^^^^^^^^^^
Did you mean?  DeviseController

            raise MissingController.new(error.message, error.name)
            ^^^^^):
  
  [1m[36mUser Load (0.1ms)[0m  [1m[34mSELECT "users".* FROM "users"[0m
Started GET "/rails/info/routes?path=fd" for ::1 at 2023-08-28 15:36:06 +0200
Processing by Rails::InfoController#routes as */*
  Parameters: {"path"=>"fd"}
Completed 200 OK in 5ms (Views: 0.2ms | ActiveRecord: 0.0ms | Allocations: 3493)


Started GET "/" for ::1 at 2023-08-28 15:36:17 +0200
Processing by PagesController#home as HTML
  Rendering layout layouts/application.html.erb
  Rendering pages/home.html.erb within layouts/application
  Rendered pages/home.html.erb within layouts/application (Duration: 0.3ms | Allocations: 123)
  [1m[36mUser Load (0.1ms)[0m  [1m[34mSELECT "users".* FROM "users" WHERE "users"."id" = ? ORDER BY "users"."id" ASC LIMIT ?[0m  [["id", 1], ["LIMIT", 1]]
  ↳ app/views/shared/_navbar.html.erb:13
  Rendered shared/_navbar.html.erb (Duration: 5.6ms | Allocations: 4038)
  Rendered layout layouts/application.html.erb (Duration: 87.3ms | Allocations: 45027)
Completed 200 OK in 90ms (Views: 88.9ms | ActiveRecord: 0.3ms | Allocations: 45968)


Started GET "/" for ::1 at 2023-08-28 15:37:01 +0200
Processing by PagesController#home as HTML
  Rendering layout layouts/application.html.erb
  Rendering pages/home.html.erb within layouts/application
  Rendered pages/home.html.erb within layouts/application (Duration: 0.3ms | Allocations: 122)
  [1m[36mUser Load (0.1ms)[0m  [1m[34mSELECT "users".* FROM "users" WHERE "users"."id" = ? ORDER BY "users"."id" ASC LIMIT ?[0m  [["id", 1], ["LIMIT", 1]]
  ↳ app/views/shared/_navbar.html.erb:13
  Rendered shared/_navbar.html.erb (Duration: 2.8ms | Allocations: 1672)
  Rendered layout layouts/application.html.erb (Duration: 7.6ms | Allocations: 4885)
Completed 200 OK in 10ms (Views: 9.2ms | ActiveRecord: 0.1ms | Allocations: 5637)


Started GET "/" for ::1 at 2023-08-28 15:38:22 +0200
Processing by PagesController#home as HTML
  Rendering layout layouts/application.html.erb
  Rendering pages/home.html.erb within layouts/application
  Rendered pages/home.html.erb within layouts/application (Duration: 0.3ms | Allocations: 123)
  [1m[36mUser Load (0.1ms)[0m  [1m[34mSELECT "users".* FROM "users" WHERE "users"."id" = ? ORDER BY "users"."id" ASC LIMIT ?[0m  [["id", 1], ["LIMIT", 1]]
  ↳ app/views/shared/_navbar.html.erb:13
  Rendered shared/_navbar.html.erb (Duration: 2.1ms | Allocations: 1654)
  Rendered shared/_flashes.html.erb (Duration: 0.4ms | Allocations: 204)
  Rendered layout layouts/application.html.erb (Duration: 7.7ms | Allocations: 5171)
Completed 200 OK in 10ms (Views: 9.3ms | ActiveRecord: 0.1ms | Allocations: 5922)


Started GET "/" for ::1 at 2023-08-28 15:41:14 +0200
Processing by PagesController#home as HTML
  Rendering layout layouts/application.html.erb
  Rendering pages/home.html.erb within layouts/application
  Rendered pages/home.html.erb within layouts/application (Duration: 0.2ms | Allocations: 122)
  [1m[36mUser Load (0.1ms)[0m  [1m[34mSELECT "users".* FROM "users" WHERE "users"."id" = ? ORDER BY "users"."id" ASC LIMIT ?[0m  [["id", 1], ["LIMIT", 1]]
  ↳ app/views/shared/_navbar.html.erb:13
  Rendered shared/_navbar.html.erb (Duration: 11.0ms | Allocations: 4401)
  Rendered shared/_flashes.html.erb (Duration: 0.4ms | Allocations: 207)
  Rendered layout layouts/application.html.erb (Duration: 26.6ms | Allocations: 19332)
Completed 200 OK in 30ms (Views: 27.3ms | ActiveRecord: 0.8ms | Allocations: 20462)


Started GET "/" for ::1 at 2023-08-28 15:41:23 +0200
Processing by PagesController#home as HTML
  [1m[36mUser Load (0.1ms)[0m  [1m[34mSELECT "users".* FROM "users" WHERE "users"."id" = ? ORDER BY "users"."id" ASC LIMIT ?[0m  [["id", 1], ["LIMIT", 1]]
  Rendering layout layouts/application.html.erb
  Rendering pages/home.html.erb within layouts/application
  Rendered pages/home.html.erb within layouts/application (Duration: 0.0ms | Allocations: 12)
  Rendered shared/_navbar.html.erb (Duration: 0.5ms | Allocations: 381)
  Rendered shared/_flashes.html.erb (Duration: 0.0ms | Allocations: 35)
  Rendered layout layouts/application.html.erb (Duration: 13.5ms | Allocations: 14459)
Completed 200 OK in 23ms (Views: 14.5ms | ActiveRecord: 0.7ms | Allocations: 20183)


Started GET "/" for ::1 at 2023-08-28 15:41:25 +0200
Processing by PagesController#home as HTML
  [1m[36mUser Load (0.1ms)[0m  [1m[34mSELECT "users".* FROM "users" WHERE "users"."id" = ? ORDER BY "users"."id" ASC LIMIT ?[0m  [["id", 1], ["LIMIT", 1]]
  Rendering layout layouts/application.html.erb
  Rendering pages/home.html.erb within layouts/application
  Rendered pages/home.html.erb within layouts/application (Duration: 0.0ms | Allocations: 7)
  Rendered shared/_navbar.html.erb (Duration: 0.4ms | Allocations: 308)
  Rendered shared/_flashes.html.erb (Duration: 0.0ms | Allocations: 24)
  Rendered layout layouts/application.html.erb (Duration: 4.0ms | Allocations: 2649)
Completed 200 OK in 7ms (Views: 4.4ms | ActiveRecord: 0.1ms | Allocations: 4417)


Started GET "/" for ::1 at 2023-08-28 15:41:25 +0200
Processing by PagesController#home as HTML
  [1m[36mUser Load (0.1ms)[0m  [1m[34mSELECT "users".* FROM "users" WHERE "users"."id" = ? ORDER BY "users"."id" ASC LIMIT ?[0m  [["id", 1], ["LIMIT", 1]]
  Rendering layout layouts/application.html.erb
  Rendering pages/home.html.erb within layouts/application
  Rendered pages/home.html.erb within layouts/application (Duration: 0.0ms | Allocations: 7)
  Rendered shared/_navbar.html.erb (Duration: 0.4ms | Allocations: 308)
  Rendered shared/_flashes.html.erb (Duration: 0.0ms | Allocations: 24)
  Rendered layout layouts/application.html.erb (Duration: 3.6ms | Allocations: 2650)
Completed 200 OK in 7ms (Views: 4.2ms | ActiveRecord: 0.1ms | Allocations: 4256)


Started GET "/" for ::1 at 2023-08-28 15:41:26 +0200
Processing by PagesController#home as HTML
  [1m[36mUser Load (0.1ms)[0m  [1m[34mSELECT "users".* FROM "users" WHERE "users"."id" = ? ORDER BY "users"."id" ASC LIMIT ?[0m  [["id", 1], ["LIMIT", 1]]
  Rendering layout layouts/application.html.erb
  Rendering pages/home.html.erb within layouts/application
  Rendered pages/home.html.erb within layouts/application (Duration: 0.0ms | Allocations: 7)
  Rendered shared/_navbar.html.erb (Duration: 0.2ms | Allocations: 308)
  Rendered shared/_flashes.html.erb (Duration: 0.0ms | Allocations: 24)
  Rendered layout layouts/application.html.erb (Duration: 3.3ms | Allocations: 2662)
Completed 200 OK in 6ms (Views: 3.6ms | ActiveRecord: 0.1ms | Allocations: 4261)


Started GET "/" for ::1 at 2023-08-28 15:42:03 +0200
Processing by PagesController#home as HTML
  Rendering layout layouts/application.html.erb
  Rendering pages/home.html.erb within layouts/application
  Rendered pages/home.html.erb within layouts/application (Duration: 0.0ms | Allocations: 12)
  [1m[36mUser Load (0.1ms)[0m  [1m[34mSELECT "users".* FROM "users" WHERE "users"."id" = ? ORDER BY "users"."id" ASC LIMIT ?[0m  [["id", 1], ["LIMIT", 1]]
  ↳ app/views/shared/_navbar.html.erb:13
  Rendered shared/_navbar.html.erb (Duration: 5.1ms | Allocations: 4047)
  Rendered shared/_flashes.html.erb (Duration: 0.0ms | Allocations: 35)
  Rendered layout layouts/application.html.erb (Duration: 16.4ms | Allocations: 18378)
Completed 200 OK in 18ms (Views: 16.5ms | ActiveRecord: 0.7ms | Allocations: 19076)


Started GET "/" for ::1 at 2023-08-28 15:44:24 +0200
Processing by PagesController#home as HTML
  [1m[36mUser Load (0.1ms)[0m  [1m[34mSELECT "users".* FROM "users" WHERE "users"."id" = ? ORDER BY "users"."id" ASC LIMIT ?[0m  [["id", 1], ["LIMIT", 1]]
  Rendering layout layouts/application.html.erb
  Rendering pages/home.html.erb within layouts/application
  Rendered pages/home.html.erb within layouts/application (Duration: 0.0ms | Allocations: 12)
  Rendered shared/_navbar.html.erb (Duration: 0.4ms | Allocations: 381)
  Rendered shared/_flashes.html.erb (Duration: 0.0ms | Allocations: 35)
  Rendered layout layouts/application.html.erb (Duration: 12.6ms | Allocations: 14466)
Completed 200 OK in 21ms (Views: 13.6ms | ActiveRecord: 0.7ms | Allocations: 20213)


Started GET "/users/sign_up" for ::1 at 2023-08-28 15:45:44 +0200
Processing by Devise::RegistrationsController#new as HTML
  [1m[36mUser Load (0.1ms)[0m  [1m[34mSELECT "users".* FROM "users" WHERE "users"."id" = ? ORDER BY "users"."id" ASC LIMIT ?[0m  [["id", 1], ["LIMIT", 1]]
Redirected to http://localhost:3000/
Filter chain halted as :require_no_authentication rendered or redirected
Completed 302 Found in 2ms (ActiveRecord: 0.1ms | Allocations: 1971)


Started GET "/" for ::1 at 2023-08-28 15:45:44 +0200
Processing by PagesController#home as HTML
  [1m[36mUser Load (0.1ms)[0m  [1m[34mSELECT "users".* FROM "users" WHERE "users"."id" = ? ORDER BY "users"."id" ASC LIMIT ?[0m  [["id", 1], ["LIMIT", 1]]
  Rendering layout layouts/application.html.erb
  Rendering pages/home.html.erb within layouts/application
  Rendered pages/home.html.erb within layouts/application (Duration: 0.0ms | Allocations: 9)
  Rendered shared/_navbar.html.erb (Duration: 0.3ms | Allocations: 320)
  Rendered shared/_flashes.html.erb (Duration: 0.0ms | Allocations: 31)
  Rendered layout layouts/application.html.erb (Duration: 3.8ms | Allocations: 2816)
Completed 200 OK in 7ms (Views: 4.2ms | ActiveRecord: 0.1ms | Allocations: 4450)


Started GET "/" for ::1 at 2023-08-28 15:45:54 +0200
Processing by PagesController#home as HTML
  [1m[36mUser Load (0.1ms)[0m  [1m[34mSELECT "users".* FROM "users" WHERE "users"."id" = ? ORDER BY "users"."id" ASC LIMIT ?[0m  [["id", 1], ["LIMIT", 1]]
  Rendering layout layouts/application.html.erb
  Rendering pages/home.html.erb within layouts/application
  Rendered pages/home.html.erb within layouts/application (Duration: 0.0ms | Allocations: 7)
  Rendered shared/_navbar.html.erb (Duration: 0.3ms | Allocations: 308)
  Rendered shared/_flashes.html.erb (Duration: 0.0ms | Allocations: 24)
  Rendered layout layouts/application.html.erb (Duration: 3.6ms | Allocations: 2655)
Completed 200 OK in 6ms (Views: 3.9ms | ActiveRecord: 0.1ms | Allocations: 4224)


Started GET "/users/sign_out" for ::1 at 2023-08-28 15:47:25 +0200
  
ActionController::RoutingError (No route matches [GET] "/users/sign_out"):
  
Started DELETE "/users/sign_out" for ::1 at 2023-08-28 15:48:16 +0200
Processing by Devise::SessionsController#destroy as TURBO_STREAM
  [1m[36mUser Load (0.1ms)[0m  [1m[34mSELECT "users".* FROM "users" WHERE "users"."id" = ? ORDER BY "users"."id" ASC LIMIT ?[0m  [["id", 1], ["LIMIT", 1]]
Redirected to http://localhost:3000/
Completed 303 See Other in 9ms (ActiveRecord: 0.1ms | Allocations: 3403)


Started GET "/" for ::1 at 2023-08-28 15:48:16 +0200
Processing by PagesController#home as TURBO_STREAM
Completed 401 Unauthorized in 2ms (ActiveRecord: 0.0ms | Allocations: 486)


Started GET "/users/sign_in" for ::1 at 2023-08-28 15:48:16 +0200
Processing by Devise::SessionsController#new as TURBO_STREAM
  Rendering layout layouts/application.html.erb
  Rendering devise/sessions/new.html.erb within layouts/application
  Rendered devise/shared/_links.html.erb (Duration: 1.1ms | Allocations: 731)
  Rendered devise/sessions/new.html.erb within layouts/application (Duration: 9.3ms | Allocations: 3719)
  Rendered shared/_navbar.html.erb (Duration: 0.2ms | Allocations: 194)
  Rendered shared/_flashes.html.erb (Duration: 0.0ms | Allocations: 42)
  Rendered layout layouts/application.html.erb (Duration: 12.4ms | Allocations: 6461)
Completed 200 OK in 16ms (Views: 14.4ms | ActiveRecord: 0.0ms | Allocations: 8036)


Started GET "/users/sign_in" for ::1 at 2023-08-28 15:48:18 +0200
Processing by Devise::SessionsController#new as HTML
  Rendering layout layouts/application.html.erb
  Rendering devise/sessions/new.html.erb within layouts/application
  Rendered devise/shared/_links.html.erb (Duration: 0.2ms | Allocations: 131)
  Rendered devise/sessions/new.html.erb within layouts/application (Duration: 6.8ms | Allocations: 1215)
  Rendered shared/_navbar.html.erb (Duration: 0.2ms | Allocations: 151)
  Rendered shared/_flashes.html.erb (Duration: 0.0ms | Allocations: 24)
  Rendered layout layouts/application.html.erb (Duration: 10.2ms | Allocations: 3708)
Completed 200 OK in 12ms (Views: 10.6ms | ActiveRecord: 0.0ms | Allocations: 4492)


Started GET "/users/sign_in" for ::1 at 2023-08-28 15:48:30 +0200
Processing by Devise::SessionsController#new as HTML
  Rendering layout layouts/application.html.erb
  Rendering devise/sessions/new.html.erb within layouts/application
  Rendered devise/shared/_links.html.erb (Duration: 0.2ms | Allocations: 161)
  Rendered devise/sessions/new.html.erb within layouts/application (Duration: 1.4ms | Allocations: 1467)
  Rendered shared/_navbar.html.erb (Duration: 0.3ms | Allocations: 208)
  Rendered shared/_flashes.html.erb (Duration: 0.0ms | Allocations: 35)
  Rendered layout layouts/application.html.erb (Duration: 12.6ms | Allocations: 15595)
Completed 200 OK in 18ms (Views: 13.3ms | ActiveRecord: 0.5ms | Allocations: 19447)


Started GET "/users/sign_in" for ::1 at 2023-08-28 15:50:59 +0200
Processing by Devise::SessionsController#new as HTML
  Rendering layout layouts/application.html.erb
  Rendering devise/sessions/new.html.erb within layouts/application
  Rendered devise/shared/_links.html.erb (Duration: 0.2ms | Allocations: 131)
  Rendered devise/sessions/new.html.erb within layouts/application (Duration: 1.6ms | Allocations: 1201)
  Rendered shared/_navbar.html.erb (Duration: 0.3ms | Allocations: 151)
  Rendered shared/_flashes.html.erb (Duration: 0.0ms | Allocations: 24)
  Rendered layout layouts/application.html.erb (Duration: 5.7ms | Allocations: 3686)
Completed 200 OK in 7ms (Views: 6.1ms | ActiveRecord: 0.0ms | Allocations: 4451)


Started GET "/users/sign_in" for ::1 at 2023-08-28 15:54:08 +0200
Processing by Devise::SessionsController#new as HTML
  Rendering layout layouts/application.html.erb
  Rendering devise/sessions/new.html.erb within layouts/application
  Rendered devise/shared/_links.html.erb (Duration: 1.0ms | Allocations: 543)
  Rendered devise/sessions/new.html.erb within layouts/application (Duration: 3.4ms | Allocations: 2197)
  Rendered shared/_navbar.html.erb (Duration: 1.2ms | Allocations: 573)
  Rendered shared/_flashes.html.erb (Duration: 0.8ms | Allocations: 201)
  Rendered layout layouts/application.html.erb (Duration: 11.4ms | Allocations: 5819)
Completed 200 OK in 16ms (Views: 14.0ms | ActiveRecord: 0.0ms | Allocations: 7234)


Started GET "/users/sign_in" for ::1 at 2023-08-28 15:54:09 +0200
Processing by Devise::SessionsController#new as HTML
  Rendering layout layouts/application.html.erb
  Rendering devise/sessions/new.html.erb within layouts/application
  Rendered devise/shared/_links.html.erb (Duration: 0.2ms | Allocations: 131)
  Rendered devise/sessions/new.html.erb within layouts/application (Duration: 1.6ms | Allocations: 1202)
  Rendered shared/_navbar.html.erb (Duration: 0.2ms | Allocations: 151)
  Rendered shared/_flashes.html.erb (Duration: 0.0ms | Allocations: 24)
  Rendered layout layouts/application.html.erb (Duration: 4.9ms | Allocations: 3690)
Completed 200 OK in 6ms (Views: 5.3ms | ActiveRecord: 0.0ms | Allocations: 4445)


Started GET "/users/sign_in" for ::1 at 2023-08-28 15:54:52 +0200
Processing by Devise::SessionsController#new as HTML
  Rendering layout layouts/application.html.erb
  Rendering devise/sessions/new.html.erb within layouts/application
  Rendered devise/shared/_links.html.erb (Duration: 0.9ms | Allocations: 543)
  Rendered devise/sessions/new.html.erb within layouts/application (Duration: 3.9ms | Allocations: 2196)
  Rendered shared/_navbar.html.erb (Duration: 1.2ms | Allocations: 573)
  Rendered shared/_flashes.html.erb (Duration: 0.4ms | Allocations: 201)
  Rendered layout layouts/application.html.erb (Duration: 9.8ms | Allocations: 5843)
Completed 200 OK in 14ms (Views: 12.5ms | ActiveRecord: 0.0ms | Allocations: 7256)


